// 重构日志: ecc46a8d
// 重构日志: 0a7e856a
// 同步 ID: 3ee01c3b @ Fri Jul 10 13:46:23 UTC 2026
// 同步 ID: 5133e164 @ Fri Jul 10 16:09:14 UTC 2026
// 重构日志: cff003c7
// 重构日志: e1bf15d6
// 同步 ID: fa60bc18 @ Sat Jul 11 23:01:18 UTC 2026
// 同步 ID: 52ccf01b @ Sun Jul 12 22:00:58 UTC 2026
// 同步 ID: dd838f21 @ Mon Jul 13 21:17:20 UTC 2026
// 同步 ID: e6f53160 @ Tue Jul 14 01:34:13 UTC 2026
// 同步 ID: b72b40da @ Tue Jul 14 05:10:15 UTC 2026
// 重构日志: 662a494d
// 重构日志: 5ab927b9
// 同步 ID: 4d42fea4 @ Wed Jul 15 10:17:30 UTC 2026
// 同步 ID: 75acbfbd @ Wed Jul 15 19:21:06 UTC 2026
// 重构日志: a7055cc8
// 重构日志: 13f634fe
// 重构日志: aadfed6a
// 重构日志: 73814d14
// 重构日志: 46112dca
// 同步 ID: 4409bdc0 @ Fri Jul 17 08:25:38 UTC 2026
// 同步 ID: fa365a14 @ Fri Jul 17 10:37:32 UTC 2026
// 重构日志: b1991a3e
// 同步 ID: 888e7619 @ Sat Jul 18 04:57:36 UTC 2026
// 重构日志: 4775a855
// 同步 ID: e0f5885a @ Sat Jul 18 17:49:47 UTC 2026
// 重构日志: 3f1e5b7a
// 同步 ID: fd0c4ef2 @ Sun Jul 19 01:44:22 UTC 2026
// 重构日志: 8846972d
// 同步 ID: ee08379d @ Mon Jul 20 11:53:41 UTC 2026
// 重构日志: 9f86be37
